<?xml version="1.0" encoding="utf-8" standalone="no"?>
<!--This file represents the results of running a test suite-->
<test-results name="C:\Users\Graham\Documents\GitHub\AutomateXMLEditor\Project2\UnitTests\bin\Debug\UnitTests.dll" total="1" errors="0" failures="0" not-run="0" inconclusive="0" ignored="0" skipped="0" invalid="0" date="2013-02-22" time="21:40:18">
  <environment nunit-version="2.6.2.12296" clr-version="2.0.50727.4984" os-version="Microsoft Windows NT 6.1.7600.0" platform="Win32NT" cwd="C:\Users\Graham\Documents\GitHub\AutomateXMLEditor\Project2\XMLEditor" machine-name="GRAHAM-PC" user="Graham" user-domain="Graham-PC" />
  <culture-info current-culture="en-US" current-uiculture="en-US" />
  <test-suite type="Assembly" name="C:\Users\Graham\Documents\GitHub\AutomateXMLEditor\Project2\UnitTests\bin\Debug\UnitTests.dll" executed="True" result="Success" success="True" time="0.178" asserts="0">
    <results>
      <test-suite type="Namespace" name="UnitTests" executed="True" result="Success" success="True" time="0.151" asserts="0">
        <results>
          <test-suite type="TestFixture" name="Class1" executed="True" result="Success" success="True" time="0.148" asserts="0">
            <results>
              <test-case name="UnitTests.Class1.Test" executed="True" result="Success" success="True" time="0.115" asserts="1" />
            </results>
          </test-suite>
        </results>
      </test-suite>
    </results>
  </test-suite>
</test-results>